máj. 20, 2023 9:21:04 DE logger.WebshopLogger init
INFO: WebshopLogger initialized!
máj. 20, 2023 9:26:26 DE logger.WebshopLogger init
INFO: WebshopLogger initialized!
máj. 20, 2023 9:26:26 DE logger.WebshopLogger init
INFO: Information message
máj. 20, 2023 9:26:26 DE logger.WebshopLogger init
WARNING: Warning message
máj. 20, 2023 9:26:26 DE logger.WebshopLogger init
INFO: Serious message
máj. 20, 2023 9:27:11 DE logger.WebshopLogger init
INFO: WebshopLogger initialized!
máj. 20, 2023 9:27:11 DE logger.WebshopLogger init
INFO: Information message
máj. 20, 2023 9:27:11 DE logger.WebshopLogger init
WARNING: Warning message
máj. 20, 2023 9:27:11 DE logger.WebshopLogger init
INFO: Serious message
máj. 20, 2023 9:27:53 DE logger.WebshopLogger init
INFO: WebshopLogger initialized!
máj. 20, 2023 9:27:53 DE logger.WebshopLogger init
INFO: Information message
máj. 20, 2023 9:27:53 DE logger.WebshopLogger init
WARNING: Warning message
máj. 20, 2023 9:27:53 DE logger.WebshopLogger init
INFO: Serious message
máj. 20, 2023 9:30:12 DE logger.WebshopLogger init
INFO: WebshopLogger initialized!
máj. 20, 2023 9:30:12 DE logger.WebshopLogger init
INFO: Information message
máj. 20, 2023 9:30:12 DE logger.WebshopLogger init
WARNING: Warning message
máj. 20, 2023 9:30:12 DE logger.WebshopLogger init
INFO: Serious message
máj. 20, 2023 9:30:12 DE logger.WebshopLogger init
INFO: WebshopLogger initialized!
máj. 20, 2023 9:30:12 DE logger.WebshopLogger init
INFO: Information message
máj. 20, 2023 9:30:12 DE logger.WebshopLogger init
WARNING: Warning message
máj. 20, 2023 9:30:12 DE logger.WebshopLogger init
INFO: Serious message
máj. 20, 2023 9:30:12 DE logger.WebshopLogger init
INFO: WebshopLogger initialized!
máj. 20, 2023 9:30:12 DE logger.WebshopLogger init
INFO: Information message
máj. 20, 2023 9:30:12 DE logger.WebshopLogger init
WARNING: Warning message
máj. 20, 2023 9:30:12 DE logger.WebshopLogger init
INFO: Serious message
máj. 20, 2023 9:30:12 DE logger.WebshopLogger init
INFO: WebshopLogger initialized!
máj. 20, 2023 9:30:12 DE logger.WebshopLogger init
INFO: Information message
máj. 20, 2023 9:30:12 DE logger.WebshopLogger init
WARNING: Warning message
máj. 20, 2023 9:30:12 DE logger.WebshopLogger init
INFO: Serious message
máj. 20, 2023 9:30:12 DE logger.WebshopLogger init
INFO: WebshopLogger initialized!
máj. 20, 2023 9:30:12 DE logger.WebshopLogger init
INFO: Information message
máj. 20, 2023 9:30:12 DE logger.WebshopLogger init
WARNING: Warning message
máj. 20, 2023 9:30:12 DE logger.WebshopLogger init
INFO: Serious message
máj. 20, 2023 9:30:12 DE logger.WebshopLogger init
INFO: WebshopLogger initialized!
máj. 20, 2023 9:30:12 DE logger.WebshopLogger init
INFO: Information message
máj. 20, 2023 9:30:12 DE logger.WebshopLogger init
WARNING: Warning message
máj. 20, 2023 9:30:12 DE logger.WebshopLogger init
INFO: Serious message
máj. 20, 2023 9:30:12 DE logger.WebshopLogger init
INFO: WebshopLogger initialized!
máj. 20, 2023 9:30:12 DE logger.WebshopLogger init
INFO: Information message
máj. 20, 2023 9:30:12 DE logger.WebshopLogger init
WARNING: Warning message
máj. 20, 2023 9:30:12 DE logger.WebshopLogger init
INFO: Serious message
máj. 20, 2023 9:30:12 DE logger.WebshopLogger init
INFO: WebshopLogger initialized!
máj. 20, 2023 9:30:12 DE logger.WebshopLogger init
INFO: Information message
máj. 20, 2023 9:30:12 DE logger.WebshopLogger init
WARNING: Warning message
máj. 20, 2023 9:30:12 DE logger.WebshopLogger init
INFO: Serious message
máj. 20, 2023 9:30:12 DE logger.WebshopLogger init
INFO: WebshopLogger initialized!
máj. 20, 2023 9:30:12 DE logger.WebshopLogger init
INFO: Information message
máj. 20, 2023 9:30:12 DE logger.WebshopLogger init
WARNING: Warning message
máj. 20, 2023 9:30:12 DE logger.WebshopLogger init
INFO: Serious message
máj. 20, 2023 9:30:12 DE logger.WebshopLogger init
INFO: WebshopLogger initialized!
máj. 20, 2023 9:30:12 DE logger.WebshopLogger init
INFO: Information message
máj. 20, 2023 9:30:12 DE logger.WebshopLogger init
WARNING: Warning message
máj. 20, 2023 9:30:12 DE logger.WebshopLogger init
INFO: Serious message
máj. 20, 2023 9:30:12 DE logger.WebshopLogger init
INFO: WebshopLogger initialized!
máj. 20, 2023 9:30:12 DE logger.WebshopLogger init
INFO: Information message
máj. 20, 2023 9:30:12 DE logger.WebshopLogger init
WARNING: Warning message
máj. 20, 2023 9:30:12 DE logger.WebshopLogger init
INFO: Serious message
máj. 20, 2023 9:30:12 DE logger.WebshopLogger init
INFO: WebshopLogger initialized!
máj. 20, 2023 9:30:12 DE logger.WebshopLogger init
INFO: Information message
máj. 20, 2023 9:30:12 DE logger.WebshopLogger init
WARNING: Warning message
máj. 20, 2023 9:30:12 DE logger.WebshopLogger init
INFO: Serious message
máj. 20, 2023 9:30:12 DE logger.WebshopLogger init
INFO: WebshopLogger initialized!
máj. 20, 2023 9:30:12 DE logger.WebshopLogger init
INFO: Information message
máj. 20, 2023 9:30:12 DE logger.WebshopLogger init
WARNING: Warning message
máj. 20, 2023 9:30:12 DE logger.WebshopLogger init
INFO: Serious message
máj. 20, 2023 9:30:12 DE logger.WebshopLogger init
INFO: WebshopLogger initialized!
máj. 20, 2023 9:30:12 DE logger.WebshopLogger init
INFO: Information message
máj. 20, 2023 9:30:12 DE logger.WebshopLogger init
WARNING: Warning message
máj. 20, 2023 9:30:12 DE logger.WebshopLogger init
INFO: Serious message
máj. 20, 2023 9:30:12 DE logger.WebshopLogger init
INFO: WebshopLogger initialized!
máj. 20, 2023 9:30:12 DE logger.WebshopLogger init
INFO: Information message
máj. 20, 2023 9:30:12 DE logger.WebshopLogger init
WARNING: Warning message
máj. 20, 2023 9:30:12 DE logger.WebshopLogger init
INFO: Serious message
máj. 20, 2023 9:30:12 DE logger.WebshopLogger init
INFO: WebshopLogger initialized!
máj. 20, 2023 9:30:12 DE logger.WebshopLogger init
INFO: Information message
máj. 20, 2023 9:30:12 DE logger.WebshopLogger init
WARNING: Warning message
máj. 20, 2023 9:30:12 DE logger.WebshopLogger init
INFO: Serious message
máj. 20, 2023 9:30:12 DE logger.WebshopLogger init
INFO: WebshopLogger initialized!
máj. 20, 2023 9:30:12 DE logger.WebshopLogger init
INFO: Information message
máj. 20, 2023 9:30:12 DE logger.WebshopLogger init
WARNING: Warning message
máj. 20, 2023 9:30:12 DE logger.WebshopLogger init
INFO: Serious message
máj. 20, 2023 9:30:12 DE logger.WebshopLogger init
INFO: WebshopLogger initialized!
máj. 20, 2023 9:30:12 DE logger.WebshopLogger init
INFO: Information message
máj. 20, 2023 9:30:12 DE logger.WebshopLogger init
WARNING: Warning message
máj. 20, 2023 9:30:12 DE logger.WebshopLogger init
INFO: Serious message
máj. 20, 2023 9:30:12 DE logger.WebshopLogger init
INFO: WebshopLogger initialized!
máj. 20, 2023 9:30:12 DE logger.WebshopLogger init
INFO: Information message
máj. 20, 2023 9:30:12 DE logger.WebshopLogger init
WARNING: Warning message
máj. 20, 2023 9:30:12 DE logger.WebshopLogger init
INFO: Serious message
máj. 20, 2023 9:30:12 DE logger.WebshopLogger init
INFO: WebshopLogger initialized!
máj. 20, 2023 9:30:12 DE logger.WebshopLogger init
INFO: Information message
máj. 20, 2023 9:30:12 DE logger.WebshopLogger init
WARNING: Warning message
máj. 20, 2023 9:30:12 DE logger.WebshopLogger init
INFO: Serious message
máj. 20, 2023 9:30:12 DE logger.WebshopLogger init
INFO: WebshopLogger initialized!
máj. 20, 2023 9:30:13 DE logger.WebshopLogger init
INFO: Information message
máj. 20, 2023 9:30:13 DE logger.WebshopLogger init
WARNING: Warning message
máj. 20, 2023 9:30:13 DE logger.WebshopLogger init
INFO: Serious message
máj. 20, 2023 9:30:13 DE logger.WebshopLogger init
INFO: WebshopLogger initialized!
máj. 20, 2023 9:30:13 DE logger.WebshopLogger init
INFO: Information message
máj. 20, 2023 9:30:13 DE logger.WebshopLogger init
WARNING: Warning message
máj. 20, 2023 9:30:13 DE logger.WebshopLogger init
INFO: Serious message
máj. 20, 2023 9:30:13 DE logger.WebshopLogger init
INFO: WebshopLogger initialized!
máj. 20, 2023 9:30:13 DE logger.WebshopLogger init
INFO: Information message
máj. 20, 2023 9:30:13 DE logger.WebshopLogger init
WARNING: Warning message
máj. 20, 2023 9:30:13 DE logger.WebshopLogger init
INFO: Serious message
máj. 20, 2023 9:30:13 DE logger.WebshopLogger init
INFO: WebshopLogger initialized!
máj. 20, 2023 9:30:13 DE logger.WebshopLogger init
INFO: Information message
máj. 20, 2023 9:30:13 DE logger.WebshopLogger init
WARNING: Warning message
máj. 20, 2023 9:30:13 DE logger.WebshopLogger init
INFO: Serious message
máj. 20, 2023 9:30:13 DE logger.WebshopLogger init
INFO: WebshopLogger initialized!
máj. 20, 2023 9:30:13 DE logger.WebshopLogger init
INFO: Information message
máj. 20, 2023 9:30:13 DE logger.WebshopLogger init
WARNING: Warning message
máj. 20, 2023 9:30:13 DE logger.WebshopLogger init
INFO: Serious message
máj. 20, 2023 9:30:13 DE logger.WebshopLogger init
INFO: WebshopLogger initialized!
máj. 20, 2023 9:30:13 DE logger.WebshopLogger init
INFO: Information message
máj. 20, 2023 9:30:13 DE logger.WebshopLogger init
WARNING: Warning message
máj. 20, 2023 9:30:13 DE logger.WebshopLogger init
INFO: Serious message
máj. 20, 2023 9:30:13 DE logger.WebshopLogger init
INFO: WebshopLogger initialized!
máj. 20, 2023 9:30:13 DE logger.WebshopLogger init
INFO: Information message
máj. 20, 2023 9:30:13 DE logger.WebshopLogger init
WARNING: Warning message
máj. 20, 2023 9:30:13 DE logger.WebshopLogger init
INFO: Serious message
máj. 20, 2023 9:30:13 DE logger.WebshopLogger init
INFO: WebshopLogger initialized!
máj. 20, 2023 9:30:13 DE logger.WebshopLogger init
INFO: Information message
máj. 20, 2023 9:30:13 DE logger.WebshopLogger init
WARNING: Warning message
máj. 20, 2023 9:30:13 DE logger.WebshopLogger init
INFO: Serious message
máj. 20, 2023 9:30:13 DE logger.WebshopLogger init
INFO: WebshopLogger initialized!
máj. 20, 2023 9:30:13 DE logger.WebshopLogger init
INFO: Information message
máj. 20, 2023 9:30:13 DE logger.WebshopLogger init
WARNING: Warning message
máj. 20, 2023 9:30:13 DE logger.WebshopLogger init
INFO: Serious message
máj. 20, 2023 9:30:13 DE logger.WebshopLogger init
INFO: WebshopLogger initialized!
máj. 20, 2023 9:30:13 DE logger.WebshopLogger init
INFO: Information message
máj. 20, 2023 9:30:13 DE logger.WebshopLogger init
WARNING: Warning message
máj. 20, 2023 9:30:13 DE logger.WebshopLogger init
INFO: Serious message
máj. 20, 2023 9:30:13 DE logger.WebshopLogger init
INFO: WebshopLogger initialized!
máj. 20, 2023 9:30:13 DE logger.WebshopLogger init
INFO: Information message
máj. 20, 2023 9:30:13 DE logger.WebshopLogger init
WARNING: Warning message
máj. 20, 2023 9:30:13 DE logger.WebshopLogger init
INFO: Serious message
máj. 20, 2023 9:30:13 DE logger.WebshopLogger init
INFO: WebshopLogger initialized!
máj. 20, 2023 9:30:13 DE logger.WebshopLogger init
INFO: Information message
máj. 20, 2023 9:30:13 DE logger.WebshopLogger init
WARNING: Warning message
máj. 20, 2023 9:30:13 DE logger.WebshopLogger init
INFO: Serious message
máj. 20, 2023 9:30:13 DE logger.WebshopLogger init
INFO: WebshopLogger initialized!
máj. 20, 2023 9:30:13 DE logger.WebshopLogger init
INFO: Information message
máj. 20, 2023 9:30:13 DE logger.WebshopLogger init
WARNING: Warning message
máj. 20, 2023 9:30:13 DE logger.WebshopLogger init
INFO: Serious message
máj. 20, 2023 9:30:13 DE logger.WebshopLogger init
INFO: WebshopLogger initialized!
máj. 20, 2023 9:30:13 DE logger.WebshopLogger init
INFO: Information message
máj. 20, 2023 9:30:13 DE logger.WebshopLogger init
WARNING: Warning message
máj. 20, 2023 9:30:13 DE logger.WebshopLogger init
INFO: Serious message
máj. 20, 2023 9:30:13 DE logger.WebshopLogger init
INFO: WebshopLogger initialized!
máj. 20, 2023 9:30:13 DE logger.WebshopLogger init
INFO: Information message
máj. 20, 2023 9:30:13 DE logger.WebshopLogger init
WARNING: Warning message
máj. 20, 2023 9:30:13 DE logger.WebshopLogger init
INFO: Serious message
máj. 20, 2023 9:30:13 DE logger.WebshopLogger init
INFO: WebshopLogger initialized!
máj. 20, 2023 9:30:13 DE logger.WebshopLogger init
INFO: Information message
máj. 20, 2023 9:30:13 DE logger.WebshopLogger init
WARNING: Warning message
máj. 20, 2023 9:30:13 DE logger.WebshopLogger init
INFO: Serious message
máj. 20, 2023 9:30:13 DE logger.WebshopLogger init
INFO: WebshopLogger initialized!
máj. 20, 2023 9:30:13 DE logger.WebshopLogger init
INFO: Information message
máj. 20, 2023 9:30:13 DE logger.WebshopLogger init
WARNING: Warning message
máj. 20, 2023 9:30:13 DE logger.WebshopLogger init
INFO: Serious message
máj. 20, 2023 9:30:13 DE logger.WebshopLogger init
INFO: WebshopLogger initialized!
máj. 20, 2023 9:30:13 DE logger.WebshopLogger init
INFO: Information message
máj. 20, 2023 9:30:13 DE logger.WebshopLogger init
WARNING: Warning message
máj. 20, 2023 9:30:13 DE logger.WebshopLogger init
INFO: Serious message
máj. 20, 2023 9:30:13 DE logger.WebshopLogger init
INFO: WebshopLogger initialized!
máj. 20, 2023 9:30:13 DE logger.WebshopLogger init
INFO: Information message
máj. 20, 2023 9:30:13 DE logger.WebshopLogger init
WARNING: Warning message
máj. 20, 2023 9:30:13 DE logger.WebshopLogger init
INFO: Serious message
máj. 20, 2023 9:30:13 DE logger.WebshopLogger init
INFO: WebshopLogger initialized!
máj. 20, 2023 9:30:13 DE logger.WebshopLogger init
INFO: Information message
máj. 20, 2023 9:30:13 DE logger.WebshopLogger init
WARNING: Warning message
máj. 20, 2023 9:30:13 DE logger.WebshopLogger init
INFO: Serious message
máj. 20, 2023 9:30:13 DE logger.WebshopLogger init
INFO: WebshopLogger initialized!
máj. 20, 2023 9:30:13 DE logger.WebshopLogger init
INFO: Information message
máj. 20, 2023 9:30:13 DE logger.WebshopLogger init
WARNING: Warning message
máj. 20, 2023 9:30:13 DE logger.WebshopLogger init
INFO: Serious message
máj. 20, 2023 9:30:13 DE logger.WebshopLogger init
INFO: WebshopLogger initialized!
máj. 20, 2023 9:30:13 DE logger.WebshopLogger init
INFO: Information message
máj. 20, 2023 9:30:13 DE logger.WebshopLogger init
WARNING: Warning message
máj. 20, 2023 9:30:13 DE logger.WebshopLogger init
INFO: Serious message
máj. 20, 2023 9:30:13 DE logger.WebshopLogger init
INFO: WebshopLogger initialized!
máj. 20, 2023 9:30:13 DE logger.WebshopLogger init
INFO: Information message
máj. 20, 2023 9:30:13 DE logger.WebshopLogger init
WARNING: Warning message
máj. 20, 2023 9:30:13 DE logger.WebshopLogger init
INFO: Serious message
máj. 20, 2023 9:30:13 DE logger.WebshopLogger init
INFO: WebshopLogger initialized!
máj. 20, 2023 9:30:13 DE logger.WebshopLogger init
INFO: Information message
máj. 20, 2023 9:30:13 DE logger.WebshopLogger init
WARNING: Warning message
máj. 20, 2023 9:30:13 DE logger.WebshopLogger init
INFO: Serious message
máj. 20, 2023 9:30:13 DE logger.WebshopLogger init
INFO: WebshopLogger initialized!
máj. 20, 2023 9:30:13 DE logger.WebshopLogger init
INFO: Information message
máj. 20, 2023 9:30:13 DE logger.WebshopLogger init
WARNING: Warning message
máj. 20, 2023 9:30:13 DE logger.WebshopLogger init
INFO: Serious message
máj. 20, 2023 9:30:13 DE logger.WebshopLogger init
INFO: WebshopLogger initialized!
máj. 20, 2023 9:30:13 DE logger.WebshopLogger init
INFO: Information message
máj. 20, 2023 9:30:13 DE logger.WebshopLogger init
WARNING: Warning message
máj. 20, 2023 9:30:13 DE logger.WebshopLogger init
INFO: Serious message
máj. 20, 2023 9:30:13 DE logger.WebshopLogger init
INFO: WebshopLogger initialized!
máj. 20, 2023 9:30:13 DE logger.WebshopLogger init
INFO: Information message
máj. 20, 2023 9:30:13 DE logger.WebshopLogger init
WARNING: Warning message
máj. 20, 2023 9:30:13 DE logger.WebshopLogger init
INFO: Serious message
máj. 20, 2023 9:30:13 DE logger.WebshopLogger init
INFO: WebshopLogger initialized!
máj. 20, 2023 9:30:13 DE logger.WebshopLogger init
INFO: Information message
máj. 20, 2023 9:30:13 DE logger.WebshopLogger init
WARNING: Warning message
máj. 20, 2023 9:30:13 DE logger.WebshopLogger init
INFO: Serious message
máj. 20, 2023 9:30:13 DE logger.WebshopLogger init
INFO: WebshopLogger initialized!
máj. 20, 2023 9:30:13 DE logger.WebshopLogger init
INFO: Information message
máj. 20, 2023 9:30:13 DE logger.WebshopLogger init
WARNING: Warning message
máj. 20, 2023 9:30:13 DE logger.WebshopLogger init
INFO: Serious message
máj. 20, 2023 9:30:13 DE logger.WebshopLogger init
INFO: WebshopLogger initialized!
máj. 20, 2023 9:30:13 DE logger.WebshopLogger init
INFO: Information message
máj. 20, 2023 9:30:13 DE logger.WebshopLogger init
WARNING: Warning message
máj. 20, 2023 9:30:13 DE logger.WebshopLogger init
INFO: Serious message
máj. 20, 2023 9:30:13 DE logger.WebshopLogger init
INFO: WebshopLogger initialized!
máj. 20, 2023 9:30:13 DE logger.WebshopLogger init
INFO: Information message
máj. 20, 2023 9:30:13 DE logger.WebshopLogger init
WARNING: Warning message
máj. 20, 2023 9:30:13 DE logger.WebshopLogger init
INFO: Serious message
máj. 20, 2023 9:30:13 DE logger.WebshopLogger init
INFO: WebshopLogger initialized!
máj. 20, 2023 9:30:13 DE logger.WebshopLogger init
INFO: Information message
máj. 20, 2023 9:30:13 DE logger.WebshopLogger init
WARNING: Warning message
máj. 20, 2023 9:30:13 DE logger.WebshopLogger init
INFO: Serious message
máj. 20, 2023 9:30:13 DE logger.WebshopLogger init
INFO: WebshopLogger initialized!
máj. 20, 2023 9:30:13 DE logger.WebshopLogger init
INFO: Information message
máj. 20, 2023 9:30:13 DE logger.WebshopLogger init
WARNING: Warning message
máj. 20, 2023 9:30:13 DE logger.WebshopLogger init
INFO: Serious message
máj. 20, 2023 9:30:13 DE logger.WebshopLogger init
INFO: WebshopLogger initialized!
máj. 20, 2023 9:30:13 DE logger.WebshopLogger init
INFO: Information message
máj. 20, 2023 9:30:13 DE logger.WebshopLogger init
WARNING: Warning message
máj. 20, 2023 9:30:13 DE logger.WebshopLogger init
INFO: Serious message
máj. 20, 2023 9:30:13 DE logger.WebshopLogger init
INFO: WebshopLogger initialized!
máj. 20, 2023 9:30:13 DE logger.WebshopLogger init
INFO: Information message
máj. 20, 2023 9:30:13 DE logger.WebshopLogger init
WARNING: Warning message
máj. 20, 2023 9:30:13 DE logger.WebshopLogger init
INFO: Serious message
máj. 20, 2023 9:30:13 DE logger.WebshopLogger init
INFO: WebshopLogger initialized!
máj. 20, 2023 9:30:13 DE logger.WebshopLogger init
INFO: Information message
máj. 20, 2023 9:30:13 DE logger.WebshopLogger init
WARNING: Warning message
máj. 20, 2023 9:30:13 DE logger.WebshopLogger init
INFO: Serious message
máj. 20, 2023 9:30:13 DE logger.WebshopLogger init
INFO: WebshopLogger initialized!
máj. 20, 2023 9:30:13 DE logger.WebshopLogger init
INFO: Information message
máj. 20, 2023 9:30:13 DE logger.WebshopLogger init
WARNING: Warning message
máj. 20, 2023 9:30:13 DE logger.WebshopLogger init
INFO: Serious message
máj. 20, 2023 9:30:13 DE logger.WebshopLogger init
INFO: WebshopLogger initialized!
máj. 20, 2023 9:30:13 DE logger.WebshopLogger init
INFO: Information message
máj. 20, 2023 9:30:13 DE logger.WebshopLogger init
WARNING: Warning message
máj. 20, 2023 9:30:13 DE logger.WebshopLogger init
INFO: Serious message
máj. 20, 2023 9:30:13 DE logger.WebshopLogger init
INFO: WebshopLogger initialized!
máj. 20, 2023 9:30:13 DE logger.WebshopLogger init
INFO: Information message
máj. 20, 2023 9:30:13 DE logger.WebshopLogger init
WARNING: Warning message
máj. 20, 2023 9:30:13 DE logger.WebshopLogger init
INFO: Serious message
máj. 20, 2023 9:30:13 DE logger.WebshopLogger init
INFO: WebshopLogger initialized!
máj. 20, 2023 9:30:13 DE logger.WebshopLogger init
INFO: Information message
máj. 20, 2023 9:30:13 DE logger.WebshopLogger init
WARNING: Warning message
máj. 20, 2023 9:30:13 DE logger.WebshopLogger init
INFO: Serious message
máj. 20, 2023 9:30:13 DE logger.WebshopLogger init
INFO: WebshopLogger initialized!
máj. 20, 2023 9:30:13 DE logger.WebshopLogger init
INFO: Information message
máj. 20, 2023 9:30:13 DE logger.WebshopLogger init
WARNING: Warning message
máj. 20, 2023 9:30:13 DE logger.WebshopLogger init
INFO: Serious message
máj. 20, 2023 9:30:13 DE logger.WebshopLogger init
INFO: WebshopLogger initialized!
máj. 20, 2023 9:30:13 DE logger.WebshopLogger init
INFO: Information message
máj. 20, 2023 9:30:13 DE logger.WebshopLogger init
WARNING: Warning message
máj. 20, 2023 9:30:13 DE logger.WebshopLogger init
INFO: Serious message
máj. 20, 2023 9:30:13 DE logger.WebshopLogger init
INFO: WebshopLogger initialized!
máj. 20, 2023 9:30:13 DE logger.WebshopLogger init
INFO: Information message
máj. 20, 2023 9:30:13 DE logger.WebshopLogger init
WARNING: Warning message
máj. 20, 2023 9:30:13 DE logger.WebshopLogger init
INFO: Serious message
máj. 20, 2023 9:30:13 DE logger.WebshopLogger init
INFO: WebshopLogger initialized!
máj. 20, 2023 9:30:13 DE logger.WebshopLogger init
INFO: Information message
máj. 20, 2023 9:30:13 DE logger.WebshopLogger init
WARNING: Warning message
máj. 20, 2023 9:30:13 DE logger.WebshopLogger init
INFO: Serious message
máj. 20, 2023 9:30:13 DE logger.WebshopLogger init
INFO: WebshopLogger initialized!
máj. 20, 2023 9:30:13 DE logger.WebshopLogger init
INFO: Information message
máj. 20, 2023 9:30:13 DE logger.WebshopLogger init
WARNING: Warning message
máj. 20, 2023 9:30:13 DE logger.WebshopLogger init
INFO: Serious message
máj. 20, 2023 9:30:13 DE logger.WebshopLogger init
INFO: WebshopLogger initialized!
máj. 20, 2023 9:30:13 DE logger.WebshopLogger init
INFO: Information message
máj. 20, 2023 9:30:13 DE logger.WebshopLogger init
WARNING: Warning message
máj. 20, 2023 9:30:13 DE logger.WebshopLogger init
INFO: Serious message
máj. 20, 2023 9:30:13 DE logger.WebshopLogger init
INFO: WebshopLogger initialized!
máj. 20, 2023 9:30:13 DE logger.WebshopLogger init
INFO: Information message
máj. 20, 2023 9:30:13 DE logger.WebshopLogger init
WARNING: Warning message
máj. 20, 2023 9:30:13 DE logger.WebshopLogger init
INFO: Serious message
máj. 20, 2023 9:30:13 DE logger.WebshopLogger init
INFO: WebshopLogger initialized!
máj. 20, 2023 9:30:13 DE logger.WebshopLogger init
INFO: Information message
máj. 20, 2023 9:30:13 DE logger.WebshopLogger init
WARNING: Warning message
máj. 20, 2023 9:30:13 DE logger.WebshopLogger init
INFO: Serious message
máj. 20, 2023 9:30:13 DE logger.WebshopLogger init
INFO: WebshopLogger initialized!
máj. 20, 2023 9:30:13 DE logger.WebshopLogger init
INFO: Information message
máj. 20, 2023 9:30:13 DE logger.WebshopLogger init
WARNING: Warning message
máj. 20, 2023 9:30:13 DE logger.WebshopLogger init
INFO: Serious message
máj. 20, 2023 9:30:13 DE logger.WebshopLogger init
INFO: WebshopLogger initialized!
máj. 20, 2023 9:30:13 DE logger.WebshopLogger init
INFO: Information message
máj. 20, 2023 9:30:13 DE logger.WebshopLogger init
WARNING: Warning message
máj. 20, 2023 9:30:13 DE logger.WebshopLogger init
INFO: Serious message
máj. 20, 2023 9:30:13 DE logger.WebshopLogger init
INFO: WebshopLogger initialized!
máj. 20, 2023 9:30:13 DE logger.WebshopLogger init
INFO: Information message
máj. 20, 2023 9:30:13 DE logger.WebshopLogger init
WARNING: Warning message
máj. 20, 2023 9:30:13 DE logger.WebshopLogger init
INFO: Serious message
máj. 20, 2023 9:30:13 DE logger.WebshopLogger init
INFO: WebshopLogger initialized!
máj. 20, 2023 9:30:13 DE logger.WebshopLogger init
INFO: Information message
máj. 20, 2023 9:30:13 DE logger.WebshopLogger init
WARNING: Warning message
máj. 20, 2023 9:30:13 DE logger.WebshopLogger init
INFO: Serious message
máj. 20, 2023 9:30:13 DE logger.WebshopLogger init
INFO: WebshopLogger initialized!
máj. 20, 2023 9:30:13 DE logger.WebshopLogger init
INFO: Information message
máj. 20, 2023 9:30:13 DE logger.WebshopLogger init
WARNING: Warning message
máj. 20, 2023 9:30:13 DE logger.WebshopLogger init
INFO: Serious message
máj. 20, 2023 9:30:13 DE logger.WebshopLogger init
INFO: WebshopLogger initialized!
máj. 20, 2023 9:30:13 DE logger.WebshopLogger init
INFO: Information message
máj. 20, 2023 9:30:13 DE logger.WebshopLogger init
WARNING: Warning message
máj. 20, 2023 9:30:13 DE logger.WebshopLogger init
INFO: Serious message
máj. 20, 2023 9:30:13 DE logger.WebshopLogger init
INFO: WebshopLogger initialized!
máj. 20, 2023 9:30:13 DE logger.WebshopLogger init
INFO: Information message
máj. 20, 2023 9:30:13 DE logger.WebshopLogger init
WARNING: Warning message
máj. 20, 2023 9:30:13 DE logger.WebshopLogger init
INFO: Serious message
máj. 20, 2023 9:30:13 DE logger.WebshopLogger init
INFO: WebshopLogger initialized!
máj. 20, 2023 9:30:13 DE logger.WebshopLogger init
INFO: Information message
máj. 20, 2023 9:30:13 DE logger.WebshopLogger init
WARNING: Warning message
máj. 20, 2023 9:30:13 DE logger.WebshopLogger init
INFO: Serious message
máj. 20, 2023 9:30:13 DE logger.WebshopLogger init
INFO: WebshopLogger initialized!
máj. 20, 2023 9:30:13 DE logger.WebshopLogger init
INFO: Information message
máj. 20, 2023 9:30:13 DE logger.WebshopLogger init
WARNING: Warning message
máj. 20, 2023 9:30:13 DE logger.WebshopLogger init
INFO: Serious message
máj. 20, 2023 9:30:13 DE logger.WebshopLogger init
INFO: WebshopLogger initialized!
máj. 20, 2023 9:30:13 DE logger.WebshopLogger init
INFO: Information message
máj. 20, 2023 9:30:13 DE logger.WebshopLogger init
WARNING: Warning message
máj. 20, 2023 9:30:13 DE logger.WebshopLogger init
INFO: Serious message
máj. 20, 2023 9:30:13 DE logger.WebshopLogger init
INFO: WebshopLogger initialized!
máj. 20, 2023 9:30:13 DE logger.WebshopLogger init
INFO: Information message
máj. 20, 2023 9:30:13 DE logger.WebshopLogger init
WARNING: Warning message
máj. 20, 2023 9:30:13 DE logger.WebshopLogger init
INFO: Serious message
máj. 20, 2023 9:30:13 DE logger.WebshopLogger init
INFO: WebshopLogger initialized!
máj. 20, 2023 9:30:13 DE logger.WebshopLogger init
INFO: Information message
máj. 20, 2023 9:30:13 DE logger.WebshopLogger init
WARNING: Warning message
máj. 20, 2023 9:30:13 DE logger.WebshopLogger init
INFO: Serious message
máj. 20, 2023 9:30:13 DE logger.WebshopLogger init
INFO: WebshopLogger initialized!
máj. 20, 2023 9:30:13 DE logger.WebshopLogger init
INFO: Information message
máj. 20, 2023 9:30:13 DE logger.WebshopLogger init
WARNING: Warning message
máj. 20, 2023 9:30:13 DE logger.WebshopLogger init
INFO: Serious message
máj. 20, 2023 9:30:13 DE logger.WebshopLogger init
INFO: WebshopLogger initialized!
máj. 20, 2023 9:30:13 DE logger.WebshopLogger init
INFO: Information message
máj. 20, 2023 9:30:13 DE logger.WebshopLogger init
WARNING: Warning message
máj. 20, 2023 9:30:13 DE logger.WebshopLogger init
INFO: Serious message
máj. 20, 2023 9:30:13 DE logger.WebshopLogger init
INFO: WebshopLogger initialized!
máj. 20, 2023 9:30:13 DE logger.WebshopLogger init
INFO: Information message
máj. 20, 2023 9:30:13 DE logger.WebshopLogger init
WARNING: Warning message
máj. 20, 2023 9:30:13 DE logger.WebshopLogger init
INFO: Serious message
máj. 20, 2023 9:30:13 DE logger.WebshopLogger init
INFO: WebshopLogger initialized!
máj. 20, 2023 9:30:13 DE logger.WebshopLogger init
INFO: Information message
máj. 20, 2023 9:30:13 DE logger.WebshopLogger init
WARNING: Warning message
máj. 20, 2023 9:30:13 DE logger.WebshopLogger init
INFO: Serious message
máj. 20, 2023 9:30:13 DE logger.WebshopLogger init
INFO: WebshopLogger initialized!
máj. 20, 2023 9:30:13 DE logger.WebshopLogger init
INFO: Information message
máj. 20, 2023 9:30:13 DE logger.WebshopLogger init
WARNING: Warning message
máj. 20, 2023 9:30:13 DE logger.WebshopLogger init
INFO: Serious message
máj. 20, 2023 9:30:13 DE logger.WebshopLogger init
INFO: WebshopLogger initialized!
máj. 20, 2023 9:30:13 DE logger.WebshopLogger init
INFO: Information message
máj. 20, 2023 9:30:13 DE logger.WebshopLogger init
WARNING: Warning message
máj. 20, 2023 9:30:13 DE logger.WebshopLogger init
INFO: Serious message
máj. 20, 2023 9:30:13 DE logger.WebshopLogger init
INFO: WebshopLogger initialized!
máj. 20, 2023 9:30:13 DE logger.WebshopLogger init
INFO: Information message
máj. 20, 2023 9:30:13 DE logger.WebshopLogger init
WARNING: Warning message
máj. 20, 2023 9:30:13 DE logger.WebshopLogger init
INFO: Serious message
máj. 20, 2023 9:30:13 DE logger.WebshopLogger init
INFO: WebshopLogger initialized!
máj. 20, 2023 9:30:13 DE logger.WebshopLogger init
INFO: Information message
máj. 20, 2023 9:30:13 DE logger.WebshopLogger init
WARNING: Warning message
máj. 20, 2023 9:30:13 DE logger.WebshopLogger init
INFO: Serious message
máj. 20, 2023 9:30:13 DE logger.WebshopLogger init
INFO: WebshopLogger initialized!
máj. 20, 2023 9:30:13 DE logger.WebshopLogger init
INFO: Information message
máj. 20, 2023 9:30:13 DE logger.WebshopLogger init
WARNING: Warning message
máj. 20, 2023 9:30:13 DE logger.WebshopLogger init
INFO: Serious message
máj. 20, 2023 9:30:14 DE logger.WebshopLogger init
INFO: WebshopLogger initialized!
máj. 20, 2023 9:30:14 DE logger.WebshopLogger init
INFO: Information message
máj. 20, 2023 9:30:14 DE logger.WebshopLogger init
WARNING: Warning message
máj. 20, 2023 9:30:14 DE logger.WebshopLogger init
INFO: Serious message
máj. 20, 2023 9:30:14 DE logger.WebshopLogger init
INFO: WebshopLogger initialized!
máj. 20, 2023 9:30:14 DE logger.WebshopLogger init
INFO: Information message
máj. 20, 2023 9:30:14 DE logger.WebshopLogger init
WARNING: Warning message
máj. 20, 2023 9:30:14 DE logger.WebshopLogger init
INFO: Serious message
máj. 20, 2023 9:30:14 DE logger.WebshopLogger init
INFO: WebshopLogger initialized!
máj. 20, 2023 9:30:14 DE logger.WebshopLogger init
INFO: Information message
máj. 20, 2023 9:30:14 DE logger.WebshopLogger init
WARNING: Warning message
máj. 20, 2023 9:30:14 DE logger.WebshopLogger init
INFO: Serious message
máj. 20, 2023 9:30:14 DE logger.WebshopLogger init
INFO: WebshopLogger initialized!
máj. 20, 2023 9:30:14 DE logger.WebshopLogger init
INFO: Information message
máj. 20, 2023 9:30:14 DE logger.WebshopLogger init
WARNING: Warning message
máj. 20, 2023 9:30:14 DE logger.WebshopLogger init
INFO: Serious message
máj. 20, 2023 9:30:14 DE logger.WebshopLogger init
INFO: WebshopLogger initialized!
máj. 20, 2023 9:30:14 DE logger.WebshopLogger init
INFO: Information message
máj. 20, 2023 9:30:14 DE logger.WebshopLogger init
WARNING: Warning message
máj. 20, 2023 9:30:14 DE logger.WebshopLogger init
INFO: Serious message
máj. 20, 2023 9:30:14 DE logger.WebshopLogger init
INFO: WebshopLogger initialized!
máj. 20, 2023 9:30:14 DE logger.WebshopLogger init
INFO: Information message
máj. 20, 2023 9:30:14 DE logger.WebshopLogger init
WARNING: Warning message
máj. 20, 2023 9:30:14 DE logger.WebshopLogger init
INFO: Serious message
máj. 20, 2023 9:30:14 DE logger.WebshopLogger init
INFO: WebshopLogger initialized!
máj. 20, 2023 9:30:14 DE logger.WebshopLogger init
INFO: Information message
máj. 20, 2023 9:30:14 DE logger.WebshopLogger init
WARNING: Warning message
máj. 20, 2023 9:30:14 DE logger.WebshopLogger init
INFO: Serious message
máj. 20, 2023 9:30:14 DE logger.WebshopLogger init
INFO: WebshopLogger initialized!
máj. 20, 2023 9:30:14 DE logger.WebshopLogger init
INFO: Information message
máj. 20, 2023 9:30:14 DE logger.WebshopLogger init
WARNING: Warning message
máj. 20, 2023 9:30:14 DE logger.WebshopLogger init
INFO: Serious message
máj. 20, 2023 9:30:14 DE logger.WebshopLogger init
INFO: WebshopLogger initialized!
máj. 20, 2023 9:30:14 DE logger.WebshopLogger init
INFO: Information message
máj. 20, 2023 9:30:14 DE logger.WebshopLogger init
WARNING: Warning message
máj. 20, 2023 9:30:14 DE logger.WebshopLogger init
INFO: Serious message
máj. 20, 2023 9:30:14 DE logger.WebshopLogger init
INFO: WebshopLogger initialized!
máj. 20, 2023 9:30:14 DE logger.WebshopLogger init
INFO: Information message
máj. 20, 2023 9:30:14 DE logger.WebshopLogger init
WARNING: Warning message
máj. 20, 2023 9:30:14 DE logger.WebshopLogger init
INFO: Serious message
máj. 20, 2023 9:30:14 DE logger.WebshopLogger init
INFO: WebshopLogger initialized!
máj. 20, 2023 9:30:14 DE logger.WebshopLogger init
INFO: Information message
máj. 20, 2023 9:30:14 DE logger.WebshopLogger init
WARNING: Warning message
máj. 20, 2023 9:30:14 DE logger.WebshopLogger init
INFO: Serious message
máj. 20, 2023 9:30:14 DE logger.WebshopLogger init
INFO: WebshopLogger initialized!
máj. 20, 2023 9:30:14 DE logger.WebshopLogger init
INFO: Information message
máj. 20, 2023 9:30:14 DE logger.WebshopLogger init
WARNING: Warning message
máj. 20, 2023 9:30:14 DE logger.WebshopLogger init
INFO: Serious message
máj. 20, 2023 9:30:14 DE logger.WebshopLogger init
SEVERE: Exception:
java.io.IOException: Couldn't get lock for application.log, maxLocks: 100
	at java.util.logging.FileHandler.openFiles(FileHandler.java:456)
	at java.util.logging.FileHandler.<init>(FileHandler.java:344)
	at logger.WebshopLogger.init(WebshopLogger.java:20)
	at runner.RunApplication.main(RunApplication.java:13)
	at logger.WebshopLogger.init(WebshopLogger.java:38)
	at runner.RunApplication.main(RunApplication.java:13)
	at logger.WebshopLogger.init(WebshopLogger.java:38)
	at runner.RunApplication.main(RunApplication.java:13)
	at logger.WebshopLogger.init(WebshopLogger.java:38)
	at runner.RunApplication.main(RunApplication.java:13)
	at logger.WebshopLogger.init(WebshopLogger.java:38)
	at runner.RunApplication.main(RunApplication.java:13)
	at logger.WebshopLogger.init(WebshopLogger.java:38)
	at runner.RunApplication.main(RunApplication.java:13)
	at logger.WebshopLogger.init(WebshopLogger.java:38)
	at runner.RunApplication.main(RunApplication.java:13)
	at logger.WebshopLogger.init(WebshopLogger.java:38)
	at runner.RunApplication.main(RunApplication.java:13)
	at logger.WebshopLogger.init(WebshopLogger.java:38)
	at runner.RunApplication.main(RunApplication.java:13)
	at logger.WebshopLogger.init(WebshopLogger.java:38)
	at runner.RunApplication.main(RunApplication.java:13)
	at logger.WebshopLogger.init(WebshopLogger.java:38)
	at runner.RunApplication.main(RunApplication.java:13)
	at logger.WebshopLogger.init(WebshopLogger.java:38)
	at runner.RunApplication.main(RunApplication.java:13)
	at logger.WebshopLogger.init(WebshopLogger.java:38)
	at runner.RunApplication.main(RunApplication.java:13)
	at logger.WebshopLogger.init(WebshopLogger.java:38)
	at runner.RunApplication.main(RunApplication.java:13)
	at logger.WebshopLogger.init(WebshopLogger.java:38)
	at runner.RunApplication.main(RunApplication.java:13)
	at logger.WebshopLogger.init(WebshopLogger.java:38)
	at runner.RunApplication.main(RunApplication.java:13)
	at logger.WebshopLogger.init(WebshopLogger.java:38)
	at runner.RunApplication.main(RunApplication.java:13)
	at logger.WebshopLogger.init(WebshopLogger.java:38)
	at runner.RunApplication.main(RunApplication.java:13)
	at logger.WebshopLogger.init(WebshopLogger.java:38)
	at runner.RunApplication.main(RunApplication.java:13)
	at logger.WebshopLogger.init(WebshopLogger.java:38)
	at runner.RunApplication.main(RunApplication.java:13)
	at logger.WebshopLogger.init(WebshopLogger.java:38)
	at runner.RunApplication.main(RunApplication.java:13)
	at logger.WebshopLogger.init(WebshopLogger.java:38)
	at runner.RunApplication.main(RunApplication.java:13)
	at logger.WebshopLogger.init(WebshopLogger.java:38)
	at runner.RunApplication.main(RunApplication.java:13)
	at logger.WebshopLogger.init(WebshopLogger.java:38)
	at runner.RunApplication.main(RunApplication.java:13)
	at logger.WebshopLogger.init(WebshopLogger.java:38)
	at runner.RunApplication.main(RunApplication.java:13)
	at logger.WebshopLogger.init(WebshopLogger.java:38)
	at runner.RunApplication.main(RunApplication.java:13)
	at logger.WebshopLogger.init(WebshopLogger.java:38)
	at runner.RunApplication.main(RunApplication.java:13)
	at logger.WebshopLogger.init(WebshopLogger.java:38)
	at runner.RunApplication.main(RunApplication.java:13)
	at logger.WebshopLogger.init(WebshopLogger.java:38)
	at runner.RunApplication.main(RunApplication.java:13)
	at logger.WebshopLogger.init(WebshopLogger.java:38)
	at runner.RunApplication.main(RunApplication.java:13)
	at logger.WebshopLogger.init(WebshopLogger.java:38)
	at runner.RunApplication.main(RunApplication.java:13)
	at logger.WebshopLogger.init(WebshopLogger.java:38)
	at runner.RunApplication.main(RunApplication.java:13)
	at logger.WebshopLogger.init(WebshopLogger.java:38)
	at runner.RunApplication.main(RunApplication.java:13)
	at logger.WebshopLogger.init(WebshopLogger.java:38)
	at runner.RunApplication.main(RunApplication.java:13)
	at logger.WebshopLogger.init(WebshopLogger.java:38)
	at runner.RunApplication.main(RunApplication.java:13)
	at logger.WebshopLogger.init(WebshopLogger.java:38)
	at runner.RunApplication.main(RunApplication.java:13)
	at logger.WebshopLogger.init(WebshopLogger.java:38)
	at runner.RunApplication.main(RunApplication.java:13)
	at logger.WebshopLogger.init(WebshopLogger.java:38)
	at runner.RunApplication.main(RunApplication.java:13)
	at logger.WebshopLogger.init(WebshopLogger.java:38)
	at runner.RunApplication.main(RunApplication.java:13)
	at logger.WebshopLogger.init(WebshopLogger.java:38)
	at runner.RunApplication.main(RunApplication.java:13)
	at logger.WebshopLogger.init(WebshopLogger.java:38)
	at runner.RunApplication.main(RunApplication.java:13)
	at logger.WebshopLogger.init(WebshopLogger.java:38)
	at runner.RunApplication.main(RunApplication.java:13)
	at logger.WebshopLogger.init(WebshopLogger.java:38)
	at runner.RunApplication.main(RunApplication.java:13)
	at logger.WebshopLogger.init(WebshopLogger.java:38)
	at runner.RunApplication.main(RunApplication.java:13)
	at logger.WebshopLogger.init(WebshopLogger.java:38)
	at runner.RunApplication.main(RunApplication.java:13)
	at logger.WebshopLogger.init(WebshopLogger.java:38)
	at runner.RunApplication.main(RunApplication.java:13)
	at logger.WebshopLogger.init(WebshopLogger.java:38)
	at runner.RunApplication.main(RunApplication.java:13)
	at logger.WebshopLogger.init(WebshopLogger.java:38)
	at runner.RunApplication.main(RunApplication.java:13)
	at logger.WebshopLogger.init(WebshopLogger.java:38)
	at runner.RunApplication.main(RunApplication.java:13)
	at logger.WebshopLogger.init(WebshopLogger.java:38)
	at runner.RunApplication.main(RunApplication.java:13)
	at logger.WebshopLogger.init(WebshopLogger.java:38)
	at runner.RunApplication.main(RunApplication.java:13)
	at logger.WebshopLogger.init(WebshopLogger.java:38)
	at runner.RunApplication.main(RunApplication.java:13)
	at logger.WebshopLogger.init(WebshopLogger.java:38)
	at runner.RunApplication.main(RunApplication.java:13)
	at logger.WebshopLogger.init(WebshopLogger.java:38)
	at runner.RunApplication.main(RunApplication.java:13)
	at logger.WebshopLogger.init(WebshopLogger.java:38)
	at runner.RunApplication.main(RunApplication.java:13)
	at logger.WebshopLogger.init(WebshopLogger.java:38)
	at runner.RunApplication.main(RunApplication.java:13)
	at logger.WebshopLogger.init(WebshopLogger.java:38)
	at runner.RunApplication.main(RunApplication.java:13)
	at logger.WebshopLogger.init(WebshopLogger.java:38)
	at runner.RunApplication.main(RunApplication.java:13)
	at logger.WebshopLogger.init(WebshopLogger.java:38)
	at runner.RunApplication.main(RunApplication.java:13)
	at logger.WebshopLogger.init(WebshopLogger.java:38)
	at runner.RunApplication.main(RunApplication.java:13)
	at logger.WebshopLogger.init(WebshopLogger.java:38)
	at runner.RunApplication.main(RunApplication.java:13)
	at logger.WebshopLogger.init(WebshopLogger.java:38)
	at runner.RunApplication.main(RunApplication.java:13)
	at logger.WebshopLogger.init(WebshopLogger.java:38)
	at runner.RunApplication.main(RunApplication.java:13)
	at logger.WebshopLogger.init(WebshopLogger.java:38)
	at runner.RunApplication.main(RunApplication.java:13)
	at logger.WebshopLogger.init(WebshopLogger.java:38)
	at runner.RunApplication.main(RunApplication.java:13)
	at logger.WebshopLogger.init(WebshopLogger.java:38)
	at runner.RunApplication.main(RunApplication.java:13)
	at logger.WebshopLogger.init(WebshopLogger.java:38)
	at runner.RunApplication.main(RunApplication.java:13)
	at logger.WebshopLogger.init(WebshopLogger.java:38)
	at runner.RunApplication.main(RunApplication.java:13)
	at logger.WebshopLogger.init(WebshopLogger.java:38)
	at runner.RunApplication.main(RunApplication.java:13)
	at logger.WebshopLogger.init(WebshopLogger.java:38)
	at runner.RunApplication.main(RunApplication.java:13)
	at logger.WebshopLogger.init(WebshopLogger.java:38)
	at runner.RunApplication.main(RunApplication.java:13)
	at logger.WebshopLogger.init(WebshopLogger.java:38)
	at runner.RunApplication.main(RunApplication.java:13)
	at logger.WebshopLogger.init(WebshopLogger.java:38)
	at runner.RunApplication.main(RunApplication.java:13)
	at logger.WebshopLogger.init(WebshopLogger.java:38)
	at runner.RunApplication.main(RunApplication.java:13)
	at logger.WebshopLogger.init(WebshopLogger.java:38)
	at runner.RunApplication.main(RunApplication.java:13)
	at logger.WebshopLogger.init(WebshopLogger.java:38)
	at runner.RunApplication.main(RunApplication.java:13)
	at logger.WebshopLogger.init(WebshopLogger.java:38)
	at runner.RunApplication.main(RunApplication.java:13)
	at logger.WebshopLogger.init(WebshopLogger.java:38)
	at runner.RunApplication.main(RunApplication.java:13)
	at logger.WebshopLogger.init(WebshopLogger.java:38)
	at runner.RunApplication.main(RunApplication.java:13)
	at logger.WebshopLogger.init(WebshopLogger.java:38)
	at runner.RunApplication.main(RunApplication.java:13)
	at logger.WebshopLogger.init(WebshopLogger.java:38)
	at runner.RunApplication.main(RunApplication.java:13)
	at logger.WebshopLogger.init(WebshopLogger.java:38)
	at runner.RunApplication.main(RunApplication.java:13)
	at logger.WebshopLogger.init(WebshopLogger.java:38)
	at runner.RunApplication.main(RunApplication.java:13)
	at logger.WebshopLogger.init(WebshopLogger.java:38)
	at runner.RunApplication.main(RunApplication.java:13)
	at logger.WebshopLogger.init(WebshopLogger.java:38)
	at runner.RunApplication.main(RunApplication.java:13)
	at logger.WebshopLogger.init(WebshopLogger.java:38)
	at runner.RunApplication.main(RunApplication.java:13)
	at logger.WebshopLogger.init(WebshopLogger.java:38)
	at runner.RunApplication.main(RunApplication.java:13)
	at logger.WebshopLogger.init(WebshopLogger.java:38)
	at runner.RunApplication.main(RunApplication.java:13)
	at logger.WebshopLogger.init(WebshopLogger.java:38)
	at runner.RunApplication.main(RunApplication.java:13)
	at logger.WebshopLogger.init(WebshopLogger.java:38)
	at runner.RunApplication.main(RunApplication.java:13)
	at logger.WebshopLogger.init(WebshopLogger.java:38)
	at runner.RunApplication.main(RunApplication.java:13)
	at logger.WebshopLogger.init(WebshopLogger.java:38)
	at runner.RunApplication.main(RunApplication.java:13)
	at logger.WebshopLogger.init(WebshopLogger.java:38)
	at runner.RunApplication.main(RunApplication.java:13)
	at logger.WebshopLogger.init(WebshopLogger.java:38)
	at runner.RunApplication.main(RunApplication.java:13)
	at logger.WebshopLogger.init(WebshopLogger.java:38)
	at runner.RunApplication.main(RunApplication.java:13)
	at logger.WebshopLogger.init(WebshopLogger.java:38)
	at runner.RunApplication.main(RunApplication.java:13)
	at logger.WebshopLogger.init(WebshopLogger.java:38)
	at runner.RunApplication.main(RunApplication.java:13)
	at logger.WebshopLogger.init(WebshopLogger.java:38)
	at runner.RunApplication.main(RunApplication.java:13)
	at logger.WebshopLogger.init(WebshopLogger.java:38)
	at runner.RunApplication.main(RunApplication.java:13)
	at logger.WebshopLogger.init(WebshopLogger.java:38)
	at runner.RunApplication.main(RunApplication.java:13)
	at logger.WebshopLogger.init(WebshopLogger.java:38)
	at runner.RunApplication.main(RunApplication.java:13)
	at logger.WebshopLogger.init(WebshopLogger.java:38)
	at runner.RunApplication.main(RunApplication.java:13)

máj. 20, 2023 9:30:27 DE logger.WebshopLogger init
INFO: WebshopLogger initialized!
máj. 20, 2023 9:30:27 DE logger.WebshopLogger init
INFO: Information message
máj. 20, 2023 9:30:27 DE logger.WebshopLogger init
WARNING: Warning message
máj. 20, 2023 9:30:27 DE logger.WebshopLogger init
INFO: Serious message
máj. 20, 2023 9:31:39 DE logger.WebshopLogger init
INFO: WebshopLogger initialized!
máj. 20, 2023 9:31:39 DE logger.WebshopLogger init
INFO: Information message
máj. 20, 2023 9:31:39 DE logger.WebshopLogger init
WARNING: Warning message
máj. 20, 2023 9:31:39 DE logger.WebshopLogger init
INFO: Serious message
máj. 20, 2023 9:32:54 DE logger.WebshopLogger init
INFO: WebshopLogger initialized!
máj. 20, 2023 9:32:54 DE logger.WebshopLogger init
INFO: Information message
máj. 20, 2023 9:32:54 DE logger.WebshopLogger init
WARNING: Warning message
máj. 20, 2023 9:32:54 DE logger.WebshopLogger init
INFO: Serious message
máj. 20, 2023 9:34:31 DE logger.WebshopLogger init
INFO: WebshopLogger initialized!
máj. 20, 2023 9:34:31 DE logger.WebshopLogger init
INFO: Information message
máj. 20, 2023 9:34:31 DE logger.WebshopLogger init
WARNING: Warning message
máj. 20, 2023 9:34:31 DE logger.WebshopLogger init
INFO: Serious message
máj. 20, 2023 9:38:39 DE logger.WebshopLogger init
INFO: WebshopLogger initialized!
máj. 20, 2023 9:38:39 DE logger.WebshopLogger init
INFO: Information message
máj. 20, 2023 9:38:39 DE logger.WebshopLogger init
WARNING: Warning message
máj. 20, 2023 9:38:39 DE logger.WebshopLogger init
INFO: Serious message
máj. 20, 2023 9:40:11 DE logger.WebshopLogger init
INFO: WebshopLogger initialized!
máj. 20, 2023 9:40:11 DE logger.WebshopLogger init
INFO: Information message
máj. 20, 2023 9:40:11 DE logger.WebshopLogger init
WARNING: Warning message
máj. 20, 2023 9:40:11 DE logger.WebshopLogger init
INFO: Serious message
máj. 20, 2023 9:42:48 DE logger.WebshopLogger init
INFO: WebshopLogger initialized!
máj. 20, 2023 9:42:48 DE logger.WebshopLogger init
INFO: Information message
máj. 20, 2023 9:42:48 DE logger.WebshopLogger init
WARNING: Warning message
máj. 20, 2023 9:42:48 DE logger.WebshopLogger init
INFO: Serious message
máj. 20, 2023 9:43:53 DE logger.WebshopLogger init
INFO: WebshopLogger initialized!
máj. 20, 2023 9:43:53 DE logger.WebshopLogger init
INFO: Information message
máj. 20, 2023 9:43:53 DE logger.WebshopLogger init
WARNING: Warning message
máj. 20, 2023 9:43:53 DE logger.WebshopLogger init
INFO: Serious message
máj. 20, 2023 9:44:19 DE logger.WebshopLogger init
INFO: WebshopLogger initialized!
máj. 20, 2023 9:44:19 DE logger.WebshopLogger init
INFO: Information message
máj. 20, 2023 9:44:19 DE logger.WebshopLogger init
WARNING: Warning message
máj. 20, 2023 9:44:19 DE logger.WebshopLogger init
INFO: Serious message
máj. 20, 2023 9:45:55 DE logger.WebshopLogger init
INFO: WebshopLogger initialized!
máj. 20, 2023 9:45:55 DE logger.WebshopLogger init
INFO: Information message
máj. 20, 2023 9:45:55 DE logger.WebshopLogger init
WARNING: Warning message
máj. 20, 2023 9:45:55 DE logger.WebshopLogger init
INFO: Serious message
máj. 20, 2023 9:51:59 DE logger.WebshopLogger init
INFO: WebshopLogger initialized!
máj. 20, 2023 9:51:59 DE logger.WebshopLogger init
INFO: Information message
máj. 20, 2023 9:51:59 DE logger.WebshopLogger init
WARNING: Warning message
máj. 20, 2023 9:51:59 DE logger.WebshopLogger init
INFO: Serious message
máj. 20, 2023 10:23:14 DE logger.WebshopLogger init
INFO: WebshopLogger initialized!
máj. 20, 2023 10:23:14 DE logger.WebshopLogger init
INFO: Information message
máj. 20, 2023 10:23:14 DE logger.WebshopLogger init
WARNING: Warning message
máj. 20, 2023 10:23:14 DE logger.WebshopLogger init
INFO: Serious message
máj. 20, 2023 10:33:09 DE logger.WebshopLogger init
INFO: WebshopLogger initialized!
máj. 20, 2023 10:33:09 DE logger.WebshopLogger init
INFO: Information message
máj. 20, 2023 10:33:09 DE logger.WebshopLogger init
WARNING: Warning message
máj. 20, 2023 10:33:09 DE logger.WebshopLogger init
INFO: Serious message
máj. 20, 2023 10:42:57 DE logger.WebshopLogger init
INFO: WebshopLogger initialized!
máj. 20, 2023 10:42:57 DE logger.WebshopLogger init
INFO: Information message
máj. 20, 2023 10:42:57 DE logger.WebshopLogger init
WARNING: Warning message
máj. 20, 2023 10:42:57 DE logger.WebshopLogger init
INFO: Serious message
máj. 20, 2023 10:46:36 DE logger.WebshopLogger init
INFO: WebshopLogger initialized!
máj. 20, 2023 10:46:36 DE logger.WebshopLogger init
INFO: Information message
máj. 20, 2023 10:46:36 DE logger.WebshopLogger init
WARNING: Warning message
máj. 20, 2023 10:46:36 DE logger.WebshopLogger init
INFO: Serious message
máj. 20, 2023 10:47:41 DE logger.WebshopLogger init
INFO: WebshopLogger initialized!
máj. 20, 2023 10:47:41 DE logger.WebshopLogger init
INFO: Information message
máj. 20, 2023 10:47:41 DE logger.WebshopLogger init
WARNING: Warning message
máj. 20, 2023 10:47:41 DE logger.WebshopLogger init
INFO: Serious message
máj. 20, 2023 10:48:02 DE logger.WebshopLogger init
INFO: WebshopLogger initialized!
máj. 20, 2023 10:48:02 DE logger.WebshopLogger init
INFO: Information message
máj. 20, 2023 10:48:02 DE logger.WebshopLogger init
WARNING: Warning message
máj. 20, 2023 10:48:02 DE logger.WebshopLogger init
INFO: Serious message
máj. 20, 2023 10:53:55 DE logger.WebshopLogger init
INFO: WebshopLogger initialized!
máj. 20, 2023 10:53:55 DE logger.WebshopLogger init
INFO: Information message
máj. 20, 2023 10:53:55 DE logger.WebshopLogger init
WARNING: Warning message
máj. 20, 2023 10:53:55 DE logger.WebshopLogger init
INFO: Serious message
máj. 20, 2023 10:56:47 DE logger.WebshopLogger init
INFO: WebshopLogger initialized!
máj. 20, 2023 10:56:47 DE logger.WebshopLogger init
INFO: Information message
máj. 20, 2023 10:56:47 DE logger.WebshopLogger init
WARNING: Warning message
máj. 20, 2023 10:56:47 DE logger.WebshopLogger init
INFO: Serious message
máj. 20, 2023 11:22:45 DE logger.WebshopLogger init
INFO: WebshopLogger initialized!
máj. 20, 2023 11:22:45 DE logger.WebshopLogger init
INFO: Information message
máj. 20, 2023 11:22:45 DE logger.WebshopLogger init
WARNING: Warning message
máj. 20, 2023 11:22:45 DE logger.WebshopLogger init
INFO: Serious message
máj. 20, 2023 11:22:54 DE logger.WebshopLogger init
INFO: WebshopLogger initialized!
máj. 20, 2023 11:22:54 DE logger.WebshopLogger init
INFO: Information message
máj. 20, 2023 11:22:54 DE logger.WebshopLogger init
WARNING: Warning message
máj. 20, 2023 11:22:54 DE logger.WebshopLogger init
INFO: Serious message
máj. 20, 2023 11:23:58 DE logger.WebshopLogger init
INFO: WebshopLogger initialized!
máj. 20, 2023 11:23:58 DE logger.WebshopLogger init
INFO: Information message
máj. 20, 2023 11:23:58 DE logger.WebshopLogger init
WARNING: Warning message
máj. 20, 2023 11:23:58 DE logger.WebshopLogger init
INFO: Serious message
máj. 20, 2023 11:25:09 DE logger.WebshopLogger init
INFO: WebshopLogger initialized!
máj. 20, 2023 11:25:09 DE logger.WebshopLogger init
INFO: Information message
máj. 20, 2023 11:25:09 DE logger.WebshopLogger init
WARNING: Warning message
máj. 20, 2023 11:25:09 DE logger.WebshopLogger init
INFO: Serious message
máj. 20, 2023 11:26:54 DE logger.WebshopLogger init
INFO: WebshopLogger initialized!
máj. 20, 2023 11:26:54 DE logger.WebshopLogger init
INFO: Information message
máj. 20, 2023 11:26:54 DE logger.WebshopLogger init
WARNING: Warning message
máj. 20, 2023 11:26:54 DE logger.WebshopLogger init
INFO: Serious message
máj. 20, 2023 11:27:12 DE logger.WebshopLogger init
INFO: WebshopLogger initialized!
máj. 20, 2023 11:27:12 DE logger.WebshopLogger init
INFO: Information message
máj. 20, 2023 11:27:12 DE logger.WebshopLogger init
WARNING: Warning message
máj. 20, 2023 11:27:12 DE logger.WebshopLogger init
INFO: Serious message
máj. 20, 2023 11:27:40 DE logger.WebshopLogger init
INFO: WebshopLogger initialized!
máj. 20, 2023 11:27:40 DE logger.WebshopLogger init
INFO: Information message
máj. 20, 2023 11:27:40 DE logger.WebshopLogger init
WARNING: Warning message
máj. 20, 2023 11:27:40 DE logger.WebshopLogger init
INFO: Serious message
máj. 20, 2023 11:30:18 DE logger.WebshopLogger init
INFO: WebshopLogger initialized!
máj. 20, 2023 11:30:18 DE logger.WebshopLogger init
INFO: Information message
máj. 20, 2023 11:30:18 DE logger.WebshopLogger init
WARNING: Warning message
máj. 20, 2023 11:30:18 DE logger.WebshopLogger init
INFO: Serious message
máj. 20, 2023 11:31:08 DE logger.WebshopLogger init
INFO: WebshopLogger initialized!
máj. 20, 2023 11:31:08 DE logger.WebshopLogger init
INFO: Information message
máj. 20, 2023 11:31:08 DE logger.WebshopLogger init
WARNING: Warning message
máj. 20, 2023 11:31:08 DE logger.WebshopLogger init
INFO: Serious message
máj. 20, 2023 11:31:23 DE logger.WebshopLogger init
INFO: WebshopLogger initialized!
máj. 20, 2023 11:31:23 DE logger.WebshopLogger init
INFO: Information message
máj. 20, 2023 11:31:23 DE logger.WebshopLogger init
WARNING: Warning message
máj. 20, 2023 11:31:23 DE logger.WebshopLogger init
INFO: Serious message
máj. 20, 2023 11:33:30 DE logger.WebshopLogger init
INFO: WebshopLogger initialized!
máj. 20, 2023 11:33:30 DE logger.WebshopLogger init
INFO: Information message
máj. 20, 2023 11:33:30 DE logger.WebshopLogger init
WARNING: Warning message
máj. 20, 2023 11:33:30 DE logger.WebshopLogger init
INFO: Serious message
máj. 20, 2023 11:34:06 DE logger.WebshopLogger init
INFO: WebshopLogger initialized!
máj. 20, 2023 11:34:06 DE logger.WebshopLogger init
INFO: Information message
máj. 20, 2023 11:34:06 DE logger.WebshopLogger init
WARNING: Warning message
máj. 20, 2023 11:34:06 DE logger.WebshopLogger init
INFO: Serious message
máj. 20, 2023 11:34:40 DE logger.WebshopLogger init
INFO: WebshopLogger initialized!
máj. 20, 2023 11:34:40 DE logger.WebshopLogger init
INFO: Information message
máj. 20, 2023 11:34:40 DE logger.WebshopLogger init
WARNING: Warning message
máj. 20, 2023 11:34:40 DE logger.WebshopLogger init
INFO: Serious message
máj. 20, 2023 11:37:07 DE logger.WebshopLogger init
INFO: WebshopLogger initialized!
máj. 20, 2023 11:37:07 DE logger.WebshopLogger init
INFO: Information message
máj. 20, 2023 11:37:07 DE logger.WebshopLogger init
WARNING: Warning message
máj. 20, 2023 11:37:07 DE logger.WebshopLogger init
INFO: Serious message
máj. 20, 2023 11:40:34 DE logger.WebshopLogger init
INFO: WebshopLogger initialized!
máj. 20, 2023 11:40:34 DE logger.WebshopLogger init
INFO: Information message
máj. 20, 2023 11:40:34 DE logger.WebshopLogger init
WARNING: Warning message
máj. 20, 2023 11:40:34 DE logger.WebshopLogger init
INFO: Serious message
máj. 20, 2023 11:41:27 DE logger.WebshopLogger init
INFO: WebshopLogger initialized!
máj. 20, 2023 11:41:27 DE logger.WebshopLogger init
INFO: Information message
máj. 20, 2023 11:41:27 DE logger.WebshopLogger init
WARNING: Warning message
máj. 20, 2023 11:41:27 DE logger.WebshopLogger init
INFO: Serious message
máj. 20, 2023 11:41:46 DE logger.WebshopLogger init
INFO: WebshopLogger initialized!
máj. 20, 2023 11:41:46 DE logger.WebshopLogger init
INFO: Information message
máj. 20, 2023 11:41:46 DE logger.WebshopLogger init
WARNING: Warning message
máj. 20, 2023 11:41:46 DE logger.WebshopLogger init
INFO: Serious message
máj. 20, 2023 11:42:18 DE logger.WebshopLogger init
INFO: WebshopLogger initialized!
máj. 20, 2023 11:42:18 DE logger.WebshopLogger init
INFO: Information message
máj. 20, 2023 11:42:18 DE logger.WebshopLogger init
WARNING: Warning message
máj. 20, 2023 11:42:18 DE logger.WebshopLogger init
INFO: Serious message
máj. 20, 2023 11:42:40 DE logger.WebshopLogger init
INFO: WebshopLogger initialized!
máj. 20, 2023 11:42:40 DE logger.WebshopLogger init
INFO: Information message
máj. 20, 2023 11:42:40 DE logger.WebshopLogger init
WARNING: Warning message
máj. 20, 2023 11:42:40 DE logger.WebshopLogger init
INFO: Serious message
máj. 20, 2023 11:45:39 DE logger.WebshopLogger init
INFO: WebshopLogger initialized!
máj. 20, 2023 11:45:39 DE logger.WebshopLogger init
INFO: Information message
máj. 20, 2023 11:45:39 DE logger.WebshopLogger init
WARNING: Warning message
máj. 20, 2023 11:45:39 DE logger.WebshopLogger init
INFO: Serious message
máj. 20, 2023 11:53:51 DE logger.WebshopLogger init
INFO: WebshopLogger initialized!
máj. 20, 2023 11:53:51 DE logger.WebshopLogger init
INFO: Information message
máj. 20, 2023 11:53:51 DE logger.WebshopLogger init
WARNING: Warning message
máj. 20, 2023 11:53:51 DE logger.WebshopLogger init
INFO: Serious message
máj. 20, 2023 11:54:15 DE logger.WebshopLogger init
INFO: WebshopLogger initialized!
máj. 20, 2023 11:54:15 DE logger.WebshopLogger init
INFO: Information message
máj. 20, 2023 11:54:15 DE logger.WebshopLogger init
WARNING: Warning message
máj. 20, 2023 11:54:15 DE logger.WebshopLogger init
INFO: Serious message
